# JRE version: OpenJDK Runtime Environment (10.0.2+13) (build 10.0.2+13-Ubuntu-1ubuntu0.18.04.4)
# Java VM: OpenJDK 64-Bit Server VM (10.0.2+13-Ubuntu-1ubuntu0.18.04.4, mixed mode, tiered, compressed oops, g1 gc, linux-amd64)
Heap:
 garbage-first heap   total 413696K, used 96249K [0x00000000c0000000, 0x0000000100000000)
  region size 1024K, 10 young (10240K), 10 survivors (10240K)
 Metaspace       used 50058K, capacity 52363K, committed 52684K, reserved 1095680K
  class space    used 4753K, capacity 5615K, committed 5632K, reserved 1048576K
GC Heap History (10 events):
Event: 40,904 GC heap after
{Heap after GC invocations=29 (full 0):
 garbage-first heap   total 126976K, used 57605K [0x00000000c0000000, 0x0000000100000000)
  region size 1024K, 5 young (5120K), 5 survivors (5120K)
 Metaspace       used 46688K, capacity 48879K, committed 49356K, reserved 1093632K
  class space    used 4474K, capacity 5287K, committed 5376K, reserved 1048576K
}
Event: 41,557 GC heap before
{Heap before GC invocations=29 (full 0):
 garbage-first heap   total 126976K, used 94469K [0x00000000c0000000, 0x0000000100000000)
  region size 1024K, 41 young (41984K), 5 survivors (5120K)
 Metaspace       used 47854K, capacity 50017K, committed 50380K, reserved 1093632K
  class space    used 4565K, capacity 5369K, committed 5376K, reserved 1048576K
}
Event: 41,616 GC heap after
{Heap after GC invocations=30 (full 0):
 garbage-first heap   total 253952K, used 61615K [0x00000000c0000000, 0x0000000100000000)
  region size 1024K, 4 young (4096K), 4 survivors (4096K)
 Metaspace       used 47854K, capacity 50017K, committed 50380K, reserved 1093632K
  class space    used 4565K, capacity 5369K, committed 5376K, reserved 1048576K
}
Event: 43,298 GC heap before
{Heap before GC invocations=30 (full 0):
 garbage-first heap   total 253952K, used 143535K [0x00000000c0000000, 0x0000000100000000)
  region size 1024K, 84 young (86016K), 4 survivors (4096K)
 Metaspace       used 49404K, capacity 51556K, committed 52044K, reserved 1095680K
  class space    used 4696K, capacity 5498K, committed 5504K, reserved 1048576K
}
Event: 43,403 GC heap after
{Heap after GC invocations=31 (full 0):
 garbage-first heap   total 253952K, used 70605K [0x00000000c0000000, 0x0000000100000000)
  region size 1024K, 11 young (11264K), 11 survivors (11264K)
 Metaspace       used 49404K, capacity 51556K, committed 52044K, reserved 1095680K
  class space    used 4696K, capacity 5498K, committed 5504K, reserved 1048576K
}
Event: 44,424 GC heap before
{Heap before GC invocations=31 (full 0):
 garbage-first heap   total 253952K, used 151501K [0x00000000c0000000, 0x0000000100000000)
  region size 1024K, 88 young (90112K), 11 survivors (11264K)
 Metaspace       used 49434K, capacity 51556K, committed 52044K, reserved 1095680K
  class space    used 4697K, capacity 5498K, committed 5504K, reserved 1048576K
}
Event: 44,695 GC heap after
{Heap after GC invocations=32 (full 0):
 garbage-first heap   total 253952K, used 79872K [0x00000000c0000000, 0x0000000100000000)
  region size 1024K, 7 young (7168K), 7 survivors (7168K)
 Metaspace       used 49434K, capacity 51556K, committed 52044K, reserved 1095680K
  class space    used 4697K, capacity 5498K, committed 5504K, reserved 1048576K
}
Event: 46,235 GC heap before
{Heap before GC invocations=32 (full 0):
 garbage-first heap   total 253952K, used 142336K [0x00000000c0000000, 0x0000000100000000)
  region size 1024K, 68 young (69632K), 7 survivors (7168K)
 Metaspace       used 49623K, capacity 51714K, committed 52172K, reserved 1095680K
  class space    used 4710K, capacity 5506K, committed 5632K, reserved 1048576K
}
Event: 46,318 GC heap after
{Heap after GC invocations=33 (full 0):
 garbage-first heap   total 253952K, used 87255K [0x00000000c0000000, 0x0000000100000000)
  region size 1024K, 8 young (8192K), 8 survivors (8192K)
 Metaspace       used 49623K, capacity 51714K, committed 52172K, reserved 1095680K
  class space    used 4710K, capacity 5506K, committed 5632K, reserved 1048576K
}
Event: 48,743 GC heap before
{Heap before GC invocations=33 (full 0):
 garbage-first heap   total 253952K, used 168151K [0x00000000c0000000, 0x0000000100000000)
  region size 1024K, 87 young (89088K), 8 survivors (8192K)
 Metaspace       used 50058K, capacity 52363K, committed 52684K, reserved 1095680K
  class space    used 4753K, capacity 5615K, committed 5632K, reserved 1048576K
}

