# JRE version: OpenJDK Runtime Environment (10.0.2+13) (build 10.0.2+13-Ubuntu-1ubuntu0.18.04.4)
# Java VM: OpenJDK 64-Bit Server VM (10.0.2+13-Ubuntu-1ubuntu0.18.04.4, mixed mode, tiered, compressed oops, g1 gc, linux-amd64)
Heap:
 garbage-first heap   total 325632K, used 83206K [0x00000000c0000000, 0x0000000100000000)
  region size 1024K, 2 young (2048K), 2 survivors (2048K)
 Metaspace       used 61985K, capacity 64546K, committed 64900K, reserved 1107968K
  class space    used 5384K, capacity 6300K, committed 6352K, reserved 1048576K
GC Heap History (10 events):
Event: 7314,796 GC heap after
{Heap after GC invocations=87 (full 0):
 garbage-first heap   total 162816K, used 65660K [0x00000000c0000000, 0x0000000100000000)
  region size 1024K, 1 young (1024K), 1 survivors (1024K)
 Metaspace       used 61948K, capacity 64482K, committed 64900K, reserved 1107968K
  class space    used 5378K, capacity 6300K, committed 6352K, reserved 1048576K
}
Event: 7335,752 GC heap before
{Heap before GC invocations=87 (full 0):
 garbage-first heap   total 162816K, used 106620K [0x00000000c0000000, 0x0000000100000000)
  region size 1024K, 41 young (41984K), 1 survivors (1024K)
 Metaspace       used 61985K, capacity 64546K, committed 64900K, reserved 1107968K
  class space    used 5384K, capacity 6300K, committed 6352K, reserved 1048576K
}
Event: 7336,583 GC heap after
{Heap after GC invocations=88 (full 0):
 garbage-first heap   total 162816K, used 74245K [0x00000000c0000000, 0x0000000100000000)
  region size 1024K, 6 young (6144K), 6 survivors (6144K)
 Metaspace       used 61985K, capacity 64546K, committed 64900K, reserved 1107968K
  class space    used 5384K, capacity 6300K, committed 6352K, reserved 1048576K
}
Event: 7337,258 GC heap before
{Heap before GC invocations=88 (full 0):
 garbage-first heap   total 162816K, used 75269K [0x00000000c0000000, 0x0000000100000000)
  region size 1024K, 7 young (7168K), 6 survivors (6144K)
 Metaspace       used 61985K, capacity 64546K, committed 64900K, reserved 1107968K
  class space    used 5384K, capacity 6300K, committed 6352K, reserved 1048576K
}
Event: 7337,285 GC heap after
{Heap after GC invocations=89 (full 0):
 garbage-first heap   total 162816K, used 75433K [0x00000000c0000000, 0x0000000100000000)
  region size 1024K, 1 young (1024K), 1 survivors (1024K)
 Metaspace       used 61985K, capacity 64546K, committed 64900K, reserved 1107968K
  class space    used 5384K, capacity 6300K, committed 6352K, reserved 1048576K
}
Event: 7342,009 GC heap before
{Heap before GC invocations=89 (full 0):
 garbage-first heap   total 162816K, used 81577K [0x00000000c0000000, 0x0000000100000000)
  region size 1024K, 7 young (7168K), 1 survivors (1024K)
 Metaspace       used 61985K, capacity 64546K, committed 64900K, reserved 1107968K
  class space    used 5384K, capacity 6300K, committed 6352K, reserved 1048576K
}
Event: 7342,031 GC heap after
{Heap after GC invocations=90 (full 0):
 garbage-first heap   total 162816K, used 76553K [0x00000000c0000000, 0x0000000100000000)
  region size 1024K, 1 young (1024K), 1 survivors (1024K)
 Metaspace       used 61985K, capacity 64546K, committed 64900K, reserved 1107968K
  class space    used 5384K, capacity 6300K, committed 6352K, reserved 1048576K
}
Event: 7346,058 GC heap before
{Heap before GC invocations=90 (full 0):
 garbage-first heap   total 162816K, used 82697K [0x00000000c0000000, 0x0000000100000000)
  region size 1024K, 7 young (7168K), 1 survivors (1024K)
 Metaspace       used 61985K, capacity 64546K, committed 64900K, reserved 1107968K
  class space    used 5384K, capacity 6300K, committed 6352K, reserved 1048576K
}
Event: 7346,425 GC heap after
{Heap after GC invocations=91 (full 0):
 garbage-first heap   total 162816K, used 77994K [0x00000000c0000000, 0x0000000100000000)
  region size 1024K, 1 young (1024K), 1 survivors (1024K)
 Metaspace       used 61985K, capacity 64546K, committed 64900K, reserved 1107968K
  class space    used 5384K, capacity 6300K, committed 6352K, reserved 1048576K
}
Event: 7347,873 GC heap before
{Heap before GC invocations=91 (full 0):
 garbage-first heap   total 162816K, used 89258K [0x00000000c0000000, 0x0000000100000000)
  region size 1024K, 12 young (12288K), 1 survivors (1024K)
 Metaspace       used 61985K, capacity 64546K, committed 64900K, reserved 1107968K
  class space    used 5384K, capacity 6300K, committed 6352K, reserved 1048576K
}

